This is pdfTeX, Version 3.1415926-2.5-1.40.14 (TeX Live 2013) (format=pdflatex 2013.10.11)  30 JAN 2014 15:31
entering extended mode
 restricted \write18 enabled.
 %&-line parsing enabled.
**oil_prices.tex -recorder
(./oil_prices.tex
LaTeX2e <2011/06/27>
Babel <3.9f> and hyphenation patterns for 78 languages loaded.
(/usr/local/texlive/2013/texmf-dist/tex/latex/base/article.cls
Document Class: article 2007/10/19 v1.4h Standard LaTeX document class
(/usr/local/texlive/2013/texmf-dist/tex/latex/base/size12.clo
File: size12.clo 2007/10/19 v1.4h Standard LaTeX file (size option)
)
\c@part=\count79
\c@section=\count80
\c@subsection=\count81
\c@subsubsection=\count82
\c@paragraph=\count83
\c@subparagraph=\count84
\c@figure=\count85
\c@table=\count86
\abovecaptionskip=\skip41
\belowcaptionskip=\skip42
\bibindent=\dimen102
)
(/usr/local/texlive/2013/texmf-dist/tex/latex/setspace/setspace.sty
Package: setspace 2011/12/19 v6.7a set line spacing
)
(/usr/local/texlive/2013/texmf-dist/tex/latex/graphics/graphicx.sty
Package: graphicx 1999/02/16 v1.0f Enhanced LaTeX Graphics (DPC,SPQR)

(/usr/local/texlive/2013/texmf-dist/tex/latex/graphics/keyval.sty
Package: keyval 1999/03/16 v1.13 key=value parser (DPC)
\KV@toks@=\toks14
)
(/usr/local/texlive/2013/texmf-dist/tex/latex/graphics/graphics.sty
Package: graphics 2009/02/05 v1.0o Standard LaTeX Graphics (DPC,SPQR)

(/usr/local/texlive/2013/texmf-dist/tex/latex/graphics/trig.sty
Package: trig 1999/03/16 v1.09 sin cos tan (DPC)
)
(/usr/local/texlive/2013/texmf-dist/tex/latex/latexconfig/graphics.cfg
File: graphics.cfg 2010/04/23 v1.9 graphics configuration of TeX Live
)
Package graphics Info: Driver file: pdftex.def on input line 91.

(/usr/local/texlive/2013/texmf-dist/tex/latex/pdftex-def/pdftex.def
File: pdftex.def 2011/05/27 v0.06d Graphics/color for pdfTeX

(/usr/local/texlive/2013/texmf-dist/tex/generic/oberdiek/infwarerr.sty
Package: infwarerr 2010/04/08 v1.3 Providing info/warning/error messages (HO)
)
(/usr/local/texlive/2013/texmf-dist/tex/generic/oberdiek/ltxcmds.sty
Package: ltxcmds 2011/11/09 v1.22 LaTeX kernel commands for general use (HO)
)
\Gread@gobject=\count87
))
\Gin@req@height=\dimen103
\Gin@req@width=\dimen104
)
(/usr/local/texlive/2013/texmf-dist/tex/latex/amsmath/amsmath.sty
Package: amsmath 2013/01/14 v2.14 AMS math features
\@mathmargin=\skip43

For additional information on amsmath, use the `?' option.
(/usr/local/texlive/2013/texmf-dist/tex/latex/amsmath/amstext.sty
Package: amstext 2000/06/29 v2.01

(/usr/local/texlive/2013/texmf-dist/tex/latex/amsmath/amsgen.sty
File: amsgen.sty 1999/11/30 v2.0
\@emptytoks=\toks15
\ex@=\dimen105
))
(/usr/local/texlive/2013/texmf-dist/tex/latex/amsmath/amsbsy.sty
Package: amsbsy 1999/11/29 v1.2d
\pmbraise@=\dimen106
)
(/usr/local/texlive/2013/texmf-dist/tex/latex/amsmath/amsopn.sty
Package: amsopn 1999/12/14 v2.01 operator names
)
\inf@bad=\count88
LaTeX Info: Redefining \frac on input line 210.
\uproot@=\count89
\leftroot@=\count90
LaTeX Info: Redefining \overline on input line 306.
\classnum@=\count91
\DOTSCASE@=\count92
LaTeX Info: Redefining \ldots on input line 378.
LaTeX Info: Redefining \dots on input line 381.
LaTeX Info: Redefining \cdots on input line 466.
\Mathstrutbox@=\box26
\strutbox@=\box27
\big@size=\dimen107
LaTeX Font Info:    Redeclaring font encoding OML on input line 566.
LaTeX Font Info:    Redeclaring font encoding OMS on input line 567.
\macc@depth=\count93
\c@MaxMatrixCols=\count94
\dotsspace@=\muskip10
\c@parentequation=\count95
\dspbrk@lvl=\count96
\tag@help=\toks16
\row@=\count97
\column@=\count98
\maxfields@=\count99
\andhelp@=\toks17
\eqnshift@=\dimen108
\alignsep@=\dimen109
\tagshift@=\dimen110
\tagwidth@=\dimen111
\totwidth@=\dimen112
\lineht@=\dimen113
\@envbody=\toks18
\multlinegap=\skip44
\multlinetaggap=\skip45
\mathdisplay@stack=\toks19
LaTeX Info: Redefining \[ on input line 2665.
LaTeX Info: Redefining \] on input line 2666.
)
(/usr/local/texlive/2013/texmf-dist/tex/latex/natbib/natbib.sty
Package: natbib 2010/09/13 8.31b (PWD, AO)
\bibhang=\skip46
\bibsep=\skip47
LaTeX Info: Redefining \cite on input line 694.
\c@NAT@ctr=\count100
)
(/usr/local/texlive/2013/texmf-dist/tex/latex/base/syntonly.sty
Package: syntonly 1999/09/17 v2.1e Standard LaTeX2e package
)
(/usr/local/texlive/2013/texmf-dist/tex/latex/esdiff/esdiff.sty
Package: esdiff 
)
(/usr/local/texlive/2013/texmf-dist/tex/latex/url/url.sty
\Urlmuskip=\muskip11
Package: url 2006/04/12  ver 3.3  Verb mode for urls, etc.
) (./oil_prices.aux
! Missing \endcsname inserted.
<to be read again> 
                   \protect 
l.147 \newlabel{chart:qqplot\_gamma}{{25}{65}}
                                              
The control sequence marked <to be read again> should
not appear between \csname and \endcsname.


LaTeX Warning: Label `chart:qqplot\_gamma' multiply defined.

! Missing \endcsname inserted.
<to be read again> 
                   \protect 
l.147 \newlabel{chart:qqplot\_gamma}{{25}{65}}
                                              
The control sequence marked <to be read again> should
not appear between \csname and \endcsname.


LaTeX Warning: Label `chart:under_fitted' multiply defined.

)
\openout1 = `oil_prices.aux'.

LaTeX Font Info:    Checking defaults for OML/cmm/m/it on input line 27.
LaTeX Font Info:    ... okay on input line 27.
LaTeX Font Info:    Checking defaults for T1/cmr/m/n on input line 27.
LaTeX Font Info:    ... okay on input line 27.
LaTeX Font Info:    Checking defaults for OT1/cmr/m/n on input line 27.
LaTeX Font Info:    ... okay on input line 27.
LaTeX Font Info:    Checking defaults for OMS/cmsy/m/n on input line 27.
LaTeX Font Info:    ... okay on input line 27.
LaTeX Font Info:    Checking defaults for OMX/cmex/m/n on input line 27.
LaTeX Font Info:    ... okay on input line 27.
LaTeX Font Info:    Checking defaults for U/cmr/m/n on input line 27.
LaTeX Font Info:    ... okay on input line 27.
 (/usr/local/texlive/2013/texmf-dist/tex/context/base/supp-pdf.mkii
[Loading MPS to PDF converter (version 2006.09.02).]
\scratchcounter=\count101
\scratchdimen=\dimen114
\scratchbox=\box28
\nofMPsegments=\count102
\nofMParguments=\count103
\everyMPshowfont=\toks20
\MPscratchCnt=\count104
\MPscratchDim=\dimen115
\MPnumerator=\count105
\makeMPintoPDFobject=\count106
\everyMPtoPDFconversion=\toks21
) (/usr/local/texlive/2013/texmf-dist/tex/generic/oberdiek/pdftexcmds.sty
Package: pdftexcmds 2011/11/29 v0.20 Utility functions of pdfTeX for LuaTeX (HO
)

(/usr/local/texlive/2013/texmf-dist/tex/generic/oberdiek/ifluatex.sty
Package: ifluatex 2010/03/01 v1.3 Provides the ifluatex switch (HO)
Package ifluatex Info: LuaTeX not detected.
)
(/usr/local/texlive/2013/texmf-dist/tex/generic/oberdiek/ifpdf.sty
Package: ifpdf 2011/01/30 v2.3 Provides the ifpdf switch (HO)
Package ifpdf Info: pdfTeX in PDF mode is detected.
)
Package pdftexcmds Info: LuaTeX not detected.
Package pdftexcmds Info: \pdf@primitive is available.
Package pdftexcmds Info: \pdf@ifprimitive is available.
Package pdftexcmds Info: \pdfdraftmode found.
)
(/usr/local/texlive/2013/texmf-dist/tex/latex/oberdiek/epstopdf-base.sty
Package: epstopdf-base 2010/02/09 v2.5 Base part for package epstopdf

(/usr/local/texlive/2013/texmf-dist/tex/latex/oberdiek/grfext.sty
Package: grfext 2010/08/19 v1.1 Manage graphics extensions (HO)

(/usr/local/texlive/2013/texmf-dist/tex/generic/oberdiek/kvdefinekeys.sty
Package: kvdefinekeys 2011/04/07 v1.3 Define keys (HO)
))
(/usr/local/texlive/2013/texmf-dist/tex/latex/oberdiek/kvoptions.sty
Package: kvoptions 2011/06/30 v3.11 Key value format for package options (HO)

(/usr/local/texlive/2013/texmf-dist/tex/generic/oberdiek/kvsetkeys.sty
Package: kvsetkeys 2012/04/25 v1.16 Key value parser (HO)

(/usr/local/texlive/2013/texmf-dist/tex/generic/oberdiek/etexcmds.sty
Package: etexcmds 2011/02/16 v1.5 Avoid name clashes with e-TeX commands (HO)
Package etexcmds Info: Could not find \expanded.
(etexcmds)             That can mean that you are not using pdfTeX 1.50 or
(etexcmds)             that some package has redefined \expanded.
(etexcmds)             In the latter case, load this package earlier.
)))
Package grfext Info: Graphics extension search list:
(grfext)             [.png,.pdf,.jpg,.mps,.jpeg,.jbig2,.jb2,.PNG,.PDF,.JPG,.JPE
G,.JBIG2,.JB2,.eps]
(grfext)             \AppendGraphicsExtensions on input line 452.

(/usr/local/texlive/2013/texmf-dist/tex/latex/latexconfig/epstopdf-sys.cfg
File: epstopdf-sys.cfg 2010/07/13 v1.3 Configuration of (r)epstopdf for TeX Liv
e
))
Missing character: There is no √ in font cmr12!
Missing character: There is no ∂ in font cmr12!
Missing character: There is no ‚ in font cmr12!
Missing character: There is no Ä in font cmr12!
Missing character: There is no ô in font cmr12!

[1

{/usr/local/texlive/2013/texmf-var/fonts/map/pdftex/updmap/pdftex.map}]
[2] [3]
Missing character: There is no ‚ in font cmr12!
Missing character: There is no Ä in font cmr12!
Missing character: There is no ú in font cmr12!
Missing character: There is no ‚ in font cmr12!
Missing character: There is no Ä in font cmr12!
Missing character: There is no ù in font cmr12!
Missing character: There is no √ in font cmr10!
Missing character: There is no § in font cmr10!

Underfull \hbox (badness 10000) in paragraph at lines 55--55
[][]\OT1/cmr/m/n/10 See for ex-am-ple the economist ar-ti-cle ti-tled Su-per-ma
-jord-m-merung
 []


Underfull \hbox (badness 10000) in paragraph at lines 55--55
\OT1/cmr/m/n/10 from Au-gust 3rd, 2013: $\OT1/cmtt/m/n/10 http : / / www . econ
omist . com / news / briefing /
 []


Underfull \hbox (badness 10000) in paragraph at lines 57--57
[][]\OT1/cmr/m/n/10 see http://www.regjeringen.no/en/sub/eiti---extractive-indu
stries-
 []

Missing character: There is no ‚ in font cmr12!
Missing character: There is no Ä in font cmr12!
Missing character: There is no ô in font cmr12!

Overfull \hbox (9.88335pt too wide) in paragraph at lines 57--58
[]\OT1/cmr/m/n/12 However, over the last few years, a move-ment to-wards mak-in
g the petroleum
 []

[4] [5]
Missing character: There is no ¬ in font cmr12!
Missing character: There is no ¥ in font cmr12!
 <figures/top10_production_print.png, id=27, 4148.49875pt x 2489.3pt>
File: figures/top10_production_print.png Graphic file (type png)

<use figures/top10_production_print.png>
Package pdftex.def Info: figures/top10_production_print.png used on input line 
72.
(pdftex.def)             Requested size: 390.0pt x 234.01703pt.

<figures/oil_decline_print.png, id=29, 4148.49875pt x 2489.3pt>
File: figures/oil_decline_print.png Graphic file (type png)

<use figures/oil_decline_print.png>
Package pdftex.def Info: figures/oil_decline_print.png used on input line 78.
(pdftex.def)             Requested size: 390.0pt x 234.01703pt.
 [6] [7 <./figures/top10_production_print.png>] [8 <./figures/oil_decline_print
.png>]
Overfull \hbox (1.16678pt too wide) in paragraph at lines 88--89
[]\OT1/cmr/m/n/12 For mod-el-ing ag-gre-gate oil pro-duc-tion, shape-fitting mo
d-els, no-tably Hub-
 []

[9]
Missing character: There is no ‚ in font cmr12!
Missing character: There is no Ä in font cmr12!
Missing character: There is no ú in font cmr12!
Missing character: There is no ‚ in font cmr12!
Missing character: There is no Ä in font cmr12!
Missing character: There is no ù in font cmr12!
 [10] [11]
<figures/north_sea_reserves_print.png, id=51, 4148.49875pt x 2489.3pt>
File: figures/north_sea_reserves_print.png Graphic file (type png)

<use figures/north_sea_reserves_print.png>
Package pdftex.def Info: figures/north_sea_reserves_print.png used on input lin
e 107.
(pdftex.def)             Requested size: 467.99881pt x 280.81284pt.

Overfull \hbox (77.99881pt too wide) in paragraph at lines 107--108
[][] 
 []

Missing character: There is no ‚ in font cmr12!
Missing character: There is no Ä in font cmr12!
Missing character: There is no ô in font cmr12!
<figures/norwegian_sea_reserves_print.png, id=52, 4148.49875pt x 2489.3pt>
File: figures/norwegian_sea_reserves_print.png Graphic file (type png)

<use figures/norwegian_sea_reserves_print.png>
Package pdftex.def Info: figures/norwegian_sea_reserves_print.png used on input
 line 115.
(pdftex.def)             Requested size: 467.99881pt x 280.81284pt.

Overfull \hbox (77.99881pt too wide) in paragraph at lines 115--116
[][] 
 []

[12] [13 <./figures/north_sea_reserves_print.png>] [14 <./figures/norwegian_sea
_reserves_print.png>]
Underfull \hbox (badness 10000) in paragraph at lines 124--124
[][]$\OT1/cmtt/m/n/10 http : / / www . regjeringen . no / en / dep / fin / Sele
cted-[]topics / taxes-[]and-[]duties /
 []

[15]
Underfull \hbox (badness 10000) in paragraph at lines 126--126
[][]$\OT1/cmtt/m/n/10 http : / / www . npd . no / en / Topics / Production-[]li
cences / Theme-[]articles /
 []

[16] [17] [18]
! Extra alignment tab has been changed to \cr.
<template> ...l \lineht@ \dp \z@ \fi \endtemplate 
                                                  
l.148 	\end{multline}
                     
You have given more \span or & marks than there were
in the preamble to the \halign or \valign now in progress.
So I'll assume that you meant to type \cr instead.

! Extra alignment tab has been changed to \cr.
<template> \endmultline@math \hfil }\endtemplate 
                                                 
l.148 	\end{multline}
                     
You have given more \span or & marks than there were
in the preamble to the \halign or \valign now in progress.
So I'll assume that you meant to type \cr instead.

[19] <figures/statfjord_dem_print.png, id=84, 3296.315pt x 2489.3pt>
File: figures/statfjord_dem_print.png Graphic file (type png)

<use figures/statfjord_dem_print.png>
Package pdftex.def Info: figures/statfjord_dem_print.png used on input line 153
.
(pdftex.def)             Requested size: 390.0pt x 294.48694pt.
 [20 <./figures/statfjord_dem_print.png>]
<figures/glm_dirty_box_print.png, id=89, 4148.49875pt x 2489.3pt>
File: figures/glm_dirty_box_print.png Graphic file (type png)

<use figures/glm_dirty_box_print.png>
Package pdftex.def Info: figures/glm_dirty_box_print.png used on input line 161
.
(pdftex.def)             Requested size: 390.0pt x 234.01703pt.
 [21 <./figures/glm_dirty_box_print.png>]
Overfull \hbox (2.0501pt too wide) in paragraph at lines 175--176
[]\OT1/cmr/m/n/12 Again con-sid-er-ing the pro-duc-tion pro-file for the Stat-f
jord field, a smoothed
 []

<figures/statfjord_gam_print.png, id=94, 4148.49875pt x 2489.3pt>
File: figures/statfjord_gam_print.png Graphic file (type png)

<use figures/statfjord_gam_print.png>
Package pdftex.def Info: figures/statfjord_gam_print.png used on input line 178
.
(pdftex.def)             Requested size: 312.00119pt x 187.18323pt.
Missing character: There is no ‚ in font cmr12!
Missing character: There is no Ä in font cmr12!
Missing character: There is no ú in font cmr12!
Missing character: There is no ‚ in font cmr12!
Missing character: There is no Ä in font cmr12!
Missing character: There is no ù in font cmr12!
 [22 <./figures/statfjord_gam_print.png>]
Missing character: There is no ‚ in font cmr12!
Missing character: There is no Ä in font cmr12!
Missing character: There is no ô in font cmr12!
Missing character: There is no ‚ in font cmr12!
Missing character: There is no Ä in font cmr12!
Missing character: There is no ú in font cmr12!
Missing character: There is no ‚ in font cmr12!
Missing character: There is no Ä in font cmr12!
Missing character: There is no ù in font cmr12!

[23]
! Extra alignment tab has been changed to \cr.
<template> ...l \lineht@ \dp \z@ \fi \endtemplate 
                                                  
l.217 \end{multline}
                    
You have given more \span or & marks than there were
in the preamble to the \halign or \valign now in progress.
So I'll assume that you meant to type \cr instead.

! Extra alignment tab has been changed to \cr.
<template> \endmultline@math \hfil }\endtemplate 
                                                 
l.217 \end{multline}
                    
You have given more \span or & marks than there were
in the preamble to the \halign or \valign now in progress.
So I'll assume that you meant to type \cr instead.

[24] [25]
<figures/field_inspection_print.png, id=113, 4148.49875pt x 2489.3pt>
File: figures/field_inspection_print.png Graphic file (type png)

<use figures/field_inspection_print.png>
Package pdftex.def Info: figures/field_inspection_print.png used on input line 
226.
(pdftex.def)             Requested size: 390.0pt x 234.01703pt.

<figures/bench_vs_split_print.png, id=114, 4148.49875pt x 2489.3pt>
File: figures/bench_vs_split_print.png Graphic file (type png)

<use figures/bench_vs_split_print.png>
Package pdftex.def Info: figures/bench_vs_split_print.png used on input line 23
4.
(pdftex.def)             Requested size: 390.0pt x 234.01703pt.
 [26 <./figures/field_inspection_print.png>] [27 <./figures/bench_vs_split_prin
t.png>]

LaTeX Warning: Reference `table:un_pooled' on page 28 undefined on input line 2
47.

[28] <figures/gam_price_6_print.png, id=126, 4148.49875pt x 2489.3pt>
File: figures/gam_price_6_print.png Graphic file (type png)

<use figures/gam_price_6_print.png>
Package pdftex.def Info: figures/gam_price_6_print.png used on input line 250.
(pdftex.def)             Requested size: 390.0pt x 234.01703pt.
 [29 <./figures/gam_price_6_print.png>]
[30] <figures/gam_price_8_print.png, id=134, 4148.49875pt x 2489.3pt>
File: figures/gam_price_8_print.png Graphic file (type png)

<use figures/gam_price_8_print.png>
Package pdftex.def Info: figures/gam_price_8_print.png used on input line 264.
(pdftex.def)             Requested size: 390.0pt x 234.01703pt.
 [31 <./figures/gam_price_8_print.png>]
<figures/gam_price_short_print.png, id=140, 4148.49875pt x 2489.3pt>
File: figures/gam_price_short_print.png Graphic file (type png)

<use figures/gam_price_short_print.png>
Package pdftex.def Info: figures/gam_price_short_print.png used on input line 2
74.
(pdftex.def)             Requested size: 390.0pt x 234.01703pt.
 [32 <./figures/gam_price_short_print.png>]
! Extra alignment tab has been changed to \cr.
<template> ...l \lineht@ \dp \z@ \fi \endtemplate 
                                                  
l.289 \end{multline}
                    
You have given more \span or & marks than there were
in the preamble to the \halign or \valign now in progress.
So I'll assume that you meant to type \cr instead.

! Extra alignment tab has been changed to \cr.
<template> \endmultline@math \hfil }\endtemplate 
                                                 
l.289 \end{multline}
                    
You have given more \span or & marks than there were
in the preamble to the \halign or \valign now in progress.
So I'll assume that you meant to type \cr instead.

<figures/gam_price_pooled_print.png, id=145, 4148.49875pt x 2489.3pt>
File: figures/gam_price_pooled_print.png Graphic file (type png)

<use figures/gam_price_pooled_print.png>
Package pdftex.def Info: figures/gam_price_pooled_print.png used on input line 
294.
(pdftex.def)             Requested size: 390.0pt x 234.01703pt.
 [33] [34 <./figures/gam_price_pooled_print.png>]
! Extra alignment tab has been changed to \cr.
<template> ...l \lineht@ \dp \z@ \fi \endtemplate 
                                                  
l.314 \end{multline}
                    
You have given more \span or & marks than there were
in the preamble to the \halign or \valign now in progress.
So I'll assume that you meant to type \cr instead.

! Extra alignment tab has been changed to \cr.
<template> \endmultline@math \hfil }\endtemplate 
                                                 
l.314 \end{multline}
                    
You have given more \span or & marks than there were
in the preamble to the \halign or \valign now in progress.
So I'll assume that you meant to type \cr instead.

[35] [36] <figures/invest_pooled_print.png, id=159, 4148.49875pt x 2489.3pt>
File: figures/invest_pooled_print.png Graphic file (type png)

<use figures/invest_pooled_print.png>
Package pdftex.def Info: figures/invest_pooled_print.png used on input line 321
.
(pdftex.def)             Requested size: 390.0pt x 234.01703pt.
 [37 <./figures/invest_pooled_print.png>]
[38] [39] <figures/gam_postpeak_print.png, id=171, 4148.49875pt x 2489.3pt>
File: figures/gam_postpeak_print.png Graphic file (type png)

<use figures/gam_postpeak_print.png>
Package pdftex.def Info: figures/gam_postpeak_print.png used on input line 343.

(pdftex.def)             Requested size: 390.0pt x 234.01703pt.
 [40 <./figures/gam_postpeak_print.png>]
[41] <figures/gam_prepeak_print.png, id=179, 4148.49875pt x 2489.3pt>
File: figures/gam_prepeak_print.png Graphic file (type png)

<use figures/gam_prepeak_print.png>
Package pdftex.def Info: figures/gam_prepeak_print.png used on input line 357.
(pdftex.def)             Requested size: 390.0pt x 234.01703pt.
 [42 <./figures/gam_prepeak_print.png>]
<figures/price_scenario_print.png, id=184, 3296.315pt x 2489.3pt>
File: figures/price_scenario_print.png Graphic file (type png)

<use figures/price_scenario_print.png>
Package pdftex.def Info: figures/price_scenario_print.png used on input line 36
9.
(pdftex.def)             Requested size: 390.0pt x 294.48694pt.

<figures/field_lev_forecast_print.png, id=185, 4148.49875pt x 2489.3pt>
File: figures/field_lev_forecast_print.png Graphic file (type png)

<use figures/field_lev_forecast_print.png>
Package pdftex.def Info: figures/field_lev_forecast_print.png used on input lin
e 375.
(pdftex.def)             Requested size: 390.0pt x 234.01703pt.

<figures/tot_forecast_print.png, id=186, 4148.49875pt x 2489.3pt>
File: figures/tot_forecast_print.png Graphic file (type png)

<use figures/tot_forecast_print.png>
Package pdftex.def Info: figures/tot_forecast_print.png used on input line 381.

(pdftex.def)             Requested size: 390.0pt x 234.01703pt.
 [43] [44 <./figures/price_scenario_print.png>] [45 <./figures/field_lev_foreca
st_print.png>] [46 <./figures/tot_forecast_print.png>] [47] (./oil_prices.bbl
Missing character: There is no ‚ in font cmr12!
Missing character: There is no Ä in font cmr12!
Missing character: There is no ì in font cmr12!
 [48]
Underfull \hbox (badness 1796) in paragraph at lines 46--51
\OT1/cmr/m/n/12 cal re-port, 2013.  URL $\OT1/cmtt/m/n/12 http : / / www . bp .
 com / content / dam / bp / pdf /
 []


Underfull \hbox (badness 10000) in paragraph at lines 46--51
\OT1/cmtt/m/n/12 statistical-[]review / statistical _ review _ of _ world _ ene
rgy _ 2013 .
 []

[49]
Missing character: There is no ¬ in font cmr12!
Missing character: There is no © in font cmr12!
 [50]
Missing character: There is no ¬ in font cmr12!
Missing character: There is no © in font cmr12!
Missing character: There is no ¬ in font cmr12!
Missing character: There is no © in font cmr12!
 [51]
Underfull \hbox (badness 3579) in paragraph at lines 159--165
[]\OT1/cmr/m/n/12 Klaus Mohn.  Ef-forts and ef-fi-ciency in oil ex-plo-ration: 
A vec-
 []


Underfull \hbox (badness 3240) in paragraph at lines 159--165
\OT1/cmr/m/n/12 tor error-correction ap-proach.  \OT1/cmr/m/it/12 The En-ergy J
our-nal\OT1/cmr/m/n/12 , Vol-ume 29
 []


Underfull \hbox (badness 1874) in paragraph at lines 159--165
\OT1/cmr/m/n/12 (Number 4):53--78, 2008a.  URL $\OT1/cmtt/m/n/12 http : / / ide
as . repec . org / a / aen /
 []

Missing character: There is no √ in font cmr12!
Missing character: There is no • in font cmr12!
Missing character: There is no ‚ in font cmr12!
Missing character: There is no Ä in font cmr12!
Missing character: There is no ì in font cmr12!
Missing character: There is no ¬ in font cmr12!
Missing character: There is no © in font cmr12!
[52]
Missing character: There is no ‚ in font cmr12!
Missing character: There is no Ä in font cmr12!
Missing character: There is no ì in font cmr12!
 [53]
Missing character: There is no ‚ in font cmr12!
Missing character: There is no Ä in font cmr12!
Missing character: There is no ì in font cmr12!
Missing character: There is no ‚ in font cmr12!
Missing character: There is no Ä in font cmr12!
Missing character: There is no ì in font cmr12!
)
Overfull \hbox (28.80945pt too wide) in paragraph at lines 408--453
 [] 
 []


LaTeX Warning: Float too large for page by 20.47914pt on input line 530.

! Missing $ inserted.
<inserted text> 
                $
l.683 EDF: s(time_
                  to_peak,recoverable_oil) & $16.91^{***}$ & $28.37^{***}$ &...
I've inserted a begin-math/end-math symbol since I think
you left one out. Proceed, with fingers crossed.

! Extra }, or forgotten $.
<template> \unskip \hfil }
                          \hskip \tabcolsep \endtemplate 
l.683 EDF: s(time_to_peak,recoverable_oil) &
                                             $16.91^{***}$ & $28.37^{***}$ &...
I've deleted a group-closing symbol because it seems to be
spurious, as in `$x}$'. But perhaps the } is legitimate and
you forgot something else, as in `\hbox{$x}'. In such cases
the way to recover is to insert both the forgotten and the
deleted material, e.g., by typing `I$}'.

! Missing $ inserted.
<inserted text> 
                $
l.683 EDF: s(time_to_peak,recoverable_oil) &
                                             $16.91^{***}$ & $28.37^{***}$ &...
I've inserted a begin-math/end-math symbol since I think
you left one out. Proceed, with fingers crossed.

! Missing } inserted.
<inserted text> 
                }
l.683 EDF: s(time_to_peak,recoverable_oil) &
                                             $16.91^{***}$ & $28.37^{***}$ &...
I've inserted something that you may have forgotten.
(See the <inserted text> above.)
With luck, this will get me unwedged. But if you
really didn't forget anything, try typing `2' now; then
my insertion and my current dilemma will both disappear.

<figures/gam_under_2d_plot_1.png, id=226, 4148.49875pt x 2489.3pt>
File: figures/gam_under_2d_plot_1.png Graphic file (type png)

<use figures/gam_under_2d_plot_1.png>
Package pdftex.def Info: figures/gam_under_2d_plot_1.png used on input line 710
.
(pdftex.def)             Requested size: 390.0pt x 234.01703pt.


LaTeX Warning: File `figures/gam_under_2d_plot_2.png' not found on input line 7
16.


! Package pdftex.def Error: File `figures/gam_under_2d_plot_2.png' not found.

See the pdftex.def package documentation for explanation.
Type  H <return>  for immediate help.
 ...                                              
                                                  
l.716 ...xtwidth]{figures/gam_under_2d_plot_2.png}
                                                  
Using draft setting for this image.
Try typing  <return>  to proceed.
If that doesn't work, type  X <return>  to quit.

<figures/gam_over_2d_plot_1.png, id=227, 4148.49875pt x 2489.3pt>
File: figures/gam_over_2d_plot_1.png Graphic file (type png)

<use figures/gam_over_2d_plot_1.png>
Package pdftex.def Info: figures/gam_over_2d_plot_1.png used on input line 722.

(pdftex.def)             Requested size: 390.0pt x 234.01703pt.

<figures/gam_over_2d_plot_2.png, id=228, 4148.49875pt x 2489.3pt>
File: figures/gam_over_2d_plot_2.png Graphic file (type png)

<use figures/gam_over_2d_plot_2.png>
Package pdftex.def Info: figures/gam_over_2d_plot_2.png used on input line 728.

(pdftex.def)             Requested size: 390.0pt x 234.01703pt.

<figures/qq_gam_price_over_2d.png, id=229, 4148.49875pt x 2489.3pt>
File: figures/qq_gam_price_over_2d.png Graphic file (type png)

<use figures/qq_gam_price_over_2d.png>
Package pdftex.def Info: figures/qq_gam_price_over_2d.png used on input line 73
4.
(pdftex.def)             Requested size: 390.0pt x 234.01703pt.

<figures/qq_gam_price_under_2d_gamma.png, id=230, 4148.49875pt x 2489.3pt>
File: figures/qq_gam_price_under_2d_gamma.png Graphic file (type png)

<use figures/qq_gam_price_under_2d_gamma.png>
Package pdftex.def Info: figures/qq_gam_price_under_2d_gamma.png used on input 
line 741.
(pdftex.def)             Requested size: 390.0pt x 234.01703pt.


LaTeX Warning: File `figures/under_fitted.png.png' not found on input line 748.



! LaTeX Error: Unknown graphics extension: .png.png.

See the LaTeX manual or LaTeX Companion for explanation.
Type  H <return>  for immediate help.
 ...                                              
                                                  
l.748 ...\textwidth]{figures/under_fitted.png.png}
                                                  
Try typing  <return>  to proceed.
If that doesn't work, type  X <return>  to quit.


LaTeX Warning: File `figures/over_fitted.png.png' not found on input line 754.


! LaTeX Error: Unknown graphics extension: .png.png.

See the LaTeX manual or LaTeX Companion for explanation.
Type  H <return>  for immediate help.
 ...                                              
                                                  
l.754 ...1\textwidth]{figures/over_fitted.png.png}
                                                  
Try typing  <return>  to proceed.
If that doesn't work, type  X <return>  to quit.

! Missing $ inserted.
<inserted text> 
                $
l.782 EDF: s(time_
                  to_peak,recoverable_oil) & $23.93^{***}$ & $28.58^{***}$ \\
I've inserted a begin-math/end-math symbol since I think
you left one out. Proceed, with fingers crossed.

! Extra }, or forgotten $.
<template> \unskip \hfil }
                          \hskip \tabcolsep \endtemplate 
l.782 EDF: s(time_to_peak,recoverable_oil) &
                                             $23.93^{***}$ & $28.58^{***}$ \\
I've deleted a group-closing symbol because it seems to be
spurious, as in `$x}$'. But perhaps the } is legitimate and
you forgot something else, as in `\hbox{$x}'. In such cases
the way to recover is to insert both the forgotten and the
deleted material, e.g., by typing `I$}'.

! Missing $ inserted.
<inserted text> 
                $
l.782 EDF: s(time_to_peak,recoverable_oil) &
                                             $23.93^{***}$ & $28.58^{***}$ \\
I've inserted a begin-math/end-math symbol since I think
you left one out. Proceed, with fingers crossed.

! Missing } inserted.
<inserted text> 
                }
l.782 EDF: s(time_to_peak,recoverable_oil) &
                                             $23.93^{***}$ & $28.58^{***}$ \\
I've inserted something that you may have forgotten.
(See the <inserted text> above.)
With luck, this will get me unwedged. But if you
really didn't forget anything, try typing `2' now; then
my insertion and my current dilemma will both disappear.

! Missing $ inserted.
<inserted text> 
                $
l.784 EDF: s(peak_
                  to_end,recoverable_oil)  & $25.91^{***}$ & $6.10^{***}$  \\
I've inserted a begin-math/end-math symbol since I think
you left one out. Proceed, with fingers crossed.

! Extra }, or forgotten $.
<template> \unskip \hfil }
                          \hskip \tabcolsep \endtemplate 
l.784 EDF: s(peak_to_end,recoverable_oil)  &
                                             $25.91^{***}$ & $6.10^{***}$  \\
I've deleted a group-closing symbol because it seems to be
spurious, as in `$x}$'. But perhaps the } is legitimate and
you forgot something else, as in `\hbox{$x}'. In such cases
the way to recover is to insert both the forgotten and the
deleted material, e.g., by typing `I$}'.

! Missing $ inserted.
<inserted text> 
                $
l.784 EDF: s(peak_to_end,recoverable_oil)  &
                                             $25.91^{***}$ & $6.10^{***}$  \\
I've inserted a begin-math/end-math symbol since I think
you left one out. Proceed, with fingers crossed.

! Missing } inserted.
<inserted text> 
                }
l.784 EDF: s(peak_to_end,recoverable_oil)  &
                                             $25.91^{***}$ & $6.10^{***}$  \\
I've inserted something that you may have forgotten.
(See the <inserted text> above.)
With luck, this will get me unwedged. But if you
really didn't forget anything, try typing `2' now; then
my insertion and my current dilemma will both disappear.

<figures/Max_prod_vs_TRO_print.png, id=231, 4148.49875pt x 2489.3pt>
File: figures/Max_prod_vs_TRO_print.png Graphic file (type png)

<use figures/Max_prod_vs_TRO_print.png>
Package pdftex.def Info: figures/Max_prod_vs_TRO_print.png used on input line 8
09.
(pdftex.def)             Requested size: 390.0pt x 234.01703pt.
 [54] [55] [56] [57] [58] [59] [60 <./figures/gam_under_2d_plot_1.png>] [61] [6
2 <./figures/gam_over_2d_plot_1.png>]
[63 <./figures/gam_over_2d_plot_2.png>] [64 <./figures/qq_gam_price_over_2d.png
>] [65 <./figures/qq_gam_price_under_2d_gamma.png>] [66] [67 <./figures/Max_pro
d_vs_TRO_print.png>] (./oil_prices.aux
! Missing \endcsname inserted.
<to be read again> 
                   \protect 
l.147 \newlabel{chart:qqplot\_gamma}{{25}{65}}
                                              
The control sequence marked <to be read again> should
not appear between \csname and \endcsname.

)

LaTeX Warning: There were undefined references.


LaTeX Warning: There were multiply-defined labels.

 ) 
Here is how much of TeX's memory you used:
 2880 strings out of 493315
 42647 string characters out of 6137903
 155080 words of memory out of 5000000
 6262 multiletter control sequences out of 15000+600000
 12794 words of font info for 47 fonts, out of 8000000 for 9000
 957 hyphenation exceptions out of 8191
 38i,11n,23p,1329b,334s stack positions out of 5000i,500n,10000p,200000b,80000s
</usr/local/texlive/2013/texmf-dist/fonts/type1/public/amsfonts/cm/cmbsy10.pf
b></usr/local/texlive/2013/texmf-dist/fonts/type1/public/amsfonts/cm/cmbx10.pfb
></usr/local/texlive/2013/texmf-dist/fonts/type1/public/amsfonts/cm/cmbx12.pfb>
</usr/local/texlive/2013/texmf-dist/fonts/type1/public/amsfonts/cm/cmbx8.pfb></
usr/local/texlive/2013/texmf-dist/fonts/type1/public/amsfonts/cm/cmmi12.pfb></u
sr/local/texlive/2013/texmf-dist/fonts/type1/public/amsfonts/cm/cmmi6.pfb></usr
/local/texlive/2013/texmf-dist/fonts/type1/public/amsfonts/cm/cmmi8.pfb></usr/l
ocal/texlive/2013/texmf-dist/fonts/type1/public/amsfonts/cm/cmmib10.pfb></usr/l
ocal/texlive/2013/texmf-dist/fonts/type1/public/amsfonts/cm/cmr10.pfb></usr/loc
al/texlive/2013/texmf-dist/fonts/type1/public/amsfonts/cm/cmr12.pfb></usr/local
/texlive/2013/texmf-dist/fonts/type1/public/amsfonts/cm/cmr17.pfb></usr/local/t
exlive/2013/texmf-dist/fonts/type1/public/amsfonts/cm/cmr6.pfb></usr/local/texl
ive/2013/texmf-dist/fonts/type1/public/amsfonts/cm/cmr7.pfb></usr/local/texlive
/2013/texmf-dist/fonts/type1/public/amsfonts/cm/cmr8.pfb></usr/local/texlive/20
13/texmf-dist/fonts/type1/public/amsfonts/cm/cmsy10.pfb></usr/local/texlive/201
3/texmf-dist/fonts/type1/public/amsfonts/cm/cmsy6.pfb></usr/local/texlive/2013/
texmf-dist/fonts/type1/public/amsfonts/cm/cmsy8.pfb></usr/local/texlive/2013/te
xmf-dist/fonts/type1/public/amsfonts/cm/cmti12.pfb></usr/local/texlive/2013/tex
mf-dist/fonts/type1/public/amsfonts/cm/cmtt10.pfb></usr/local/texlive/2013/texm
f-dist/fonts/type1/public/amsfonts/cm/cmtt12.pfb>
Output written on oil_prices.pdf (67 pages, 16479215 bytes).
PDF statistics:
 353 PDF objects out of 1000 (max. 8388607)
 211 compressed objects within 3 object streams
 0 named destinations out of 1000 (max. 500000)
 126 words of extra memory for PDF output out of 10000 (max. 10000000)

